turbolinks/build/intermediates/manifest_merge_blame_file/debug/manifest-merger-blame-debug-report.txt
1<?xml version="1.0" encoding="utf-8"?>
2<manifest xmlns:android="http://schemas.android.com/apk/res/android"
3    package="co.faria.turbolinks" >
4
5    <uses-sdk
6        android:minSdkVersion="24"
6-->src/main/AndroidManifest.xml
7        android:targetSdkVersion="30" />
7-->src/main/AndroidManifest.xml
8
9    <application android:supportsRtl="true" >
9-->src/main/AndroidManifest.xml:5:5-13:19
9-->src/main/AndroidManifest.xml:6:9-35
10        <activity
10-->src/main/AndroidManifest.xml:8:9-11:20
11            android:name="co.faria.turbolinks.TurbolinksTestActivity"
11-->src/main/AndroidManifest.xml:9:13-51
12            android:label="Test Activity" >
12-->src/main/AndroidManifest.xml:10:13-42
13        </activity>
14    </application>
15
16</manifest>